<?xml version="1.0" encoding="UTF-8"?>
<testsuites>
  <testsuite name="CodeIgniter Application Test Suite" tests="3" assertions="4" failures="0" errors="0" time="7.098858">
    <testsuite name="Event_model_test" file="C:\xampp\htdocs\icpayment\application\tests\models\Event_model_test.php" tests="3" assertions="4" failures="0" errors="0" time="7.098858">
      <testcase name="test_get_events" class="Event_model_test" file="C:\xampp\htdocs\icpayment\application\tests\models\Event_model_test.php" line="16" assertions="3" time="1.896675"/>
      <testcase name="test_add_event" class="Event_model_test" file="C:\xampp\htdocs\icpayment\application\tests\models\Event_model_test.php" line="29" assertions="1" time="4.966263"/>
      <testcase name="test_free_space" class="Event_model_test" file="C:\xampp\htdocs\icpayment\application\tests\models\Event_model_test.php" line="41" assertions="0" time="0.235920">
        <system-out>string(98) "DELETE FROM `ic_eventos`
WHERE period_diff(DATE_FORMAT(fecha, %Y%m),DATE_FORMAT(NOW(), %Y%m) &gt; 2 )"
</system-out>
      </testcase>
    </testsuite>
  </testsuite>
</testsuites>
